mode: set
github.com/pinbar/go-mux-jwt/authhandler.go:10.59,14.42 3 1
github.com/pinbar/go-mux-jwt/authhandler.go:19.2,19.94 1 1
github.com/pinbar/go-mux-jwt/authhandler.go:14.42,18.3 3 1
github.com/pinbar/go-mux-jwt/authhandler.go:19.94,21.17 2 1
github.com/pinbar/go-mux-jwt/authhandler.go:21.17,24.4 2 0
github.com/pinbar/go-mux-jwt/authhandler.go:24.4,28.4 3 1
github.com/pinbar/go-mux-jwt/authhandler.go:29.3,33.3 3 1
github.com/pinbar/go-mux-jwt/authhandler.go:36.53,37.71 1 1
github.com/pinbar/go-mux-jwt/authhandler.go:37.71,40.28 2 1
github.com/pinbar/go-mux-jwt/authhandler.go:45.3,47.17 3 1
github.com/pinbar/go-mux-jwt/authhandler.go:52.3,58.23 5 1
github.com/pinbar/go-mux-jwt/authhandler.go:40.28,44.4 3 1
github.com/pinbar/go-mux-jwt/authhandler.go:47.17,51.4 3 1
github.com/pinbar/go-mux-jwt/jwtutil.go:5.44,13.2 4 1
github.com/pinbar/go-mux-jwt/jwtutil.go:15.58,17.83 2 1
github.com/pinbar/go-mux-jwt/jwtutil.go:20.2,20.16 1 1
github.com/pinbar/go-mux-jwt/jwtutil.go:23.2,23.26 1 1
github.com/pinbar/go-mux-jwt/jwtutil.go:17.83,19.3 1 1
github.com/pinbar/go-mux-jwt/jwtutil.go:20.16,22.3 1 1
github.com/pinbar/go-mux-jwt/main.go:12.13,15.2 2 0
github.com/pinbar/go-mux-jwt/main.go:18.36,33.2 9 1
github.com/pinbar/go-mux-jwt/main.go:35.58,37.2 1 1
github.com/pinbar/go-mux-jwt/main.go:38.64,41.2 2 1
github.com/pinbar/go-mux-jwt/main.go:42.60,46.2 3 1
github.com/pinbar/go-mux-jwt/main.go:48.85,50.2 1 1
github.com/pinbar/go-mux-jwt/main.go:52.83,54.19 2 1
github.com/pinbar/go-mux-jwt/main.go:59.2,59.43 1 1
github.com/pinbar/go-mux-jwt/main.go:54.19,58.3 3 1
